<?xml version="1.0" encoding="UTF-8"?>
<testsuite name="com.java.ctci.lists.DoublyLinkedListTest" tests="1" skipped="0" failures="0" errors="0" timestamp="2020-02-09T12:08:27" hostname="ankurbrdwj" time="83.326">
  <properties/>
  <testcase name="testNthFromLast()" classname="com.java.ctci.lists.DoublyLinkedListTest" time="83.326"/>
  <system-out><![CDATA[]]></system-out>
  <system-err><![CDATA[]]></system-err>
</testsuite>
